{
  "RSpec": {
    "coverage": {
      "/home/harry/projects/bookmark-manager/app.rb": {
        "lines": [
          null,
          null,
          1,
          null,
          null,
          1,
          1,
          2,
          null,
          null,
          1,
          1,
          null,
          null,
          1,
          1,
          null,
          null,
          null,
          null,
          1,
          null,
          null
        ]
      },
      "/home/harry/projects/bookmark-manager/spec/features/view_bookmarks_spec.rb": {
        "lines": [
          null,
          null,
          1,
          1,
          1,
          1,
          null,
          null,
          1,
          1,
          1,
          1,
          1,
          1,
          null,
          null
        ]
      }
    },
    "timestamp": 1586182934
  }
}
