{
  "RSpec": {
    "coverage": {
      "/home/harry/projects/bookmark-manager/app.rb": {
        "lines": [
          1,
          null,
          1,
          null,
          1,
          1,
          null,
          null,
          null
        ]
      },
      "/home/harry/projects/bookmark-manager/spec/features/hello_world_spec.rb": {
        "lines": [
          null,
          null,
          1,
          1,
          1,
          1,
          null,
          null
        ]
      }
    },
    "timestamp": 1586181930
  }
}
